[debug] [2018-09-11T02:18:37.054Z] ----------------------------------------------------------------------
[debug] [2018-09-11T02:18:37.057Z] Command:       /home/ec2-user/.nvm/versions/node/v8.11.3/bin/node /home/ec2-user/.nvm/versions/node/v8.11.3/bin/firebase login
[debug] [2018-09-11T02:18:37.057Z] CLI Version:   4.2.1
[debug] [2018-09-11T02:18:37.057Z] Platform:      linux
[debug] [2018-09-11T02:18:37.057Z] Node Version:  v8.11.3
[debug] [2018-09-11T02:18:37.057Z] Time:          Tue Sep 11 2018 02:18:37 GMT+0000 (UTC)
[debug] [2018-09-11T02:18:37.057Z] ----------------------------------------------------------------------
[debug] 
[info] 
[info] Visit this URL on any device to log in:
[info] https://accounts.google.com/o/oauth2/auth?client_id=563584335869-fgrhgmd47bqnekij5i8b5pr03ho849e6.apps.googleusercontent.com&scope=email%20openid%20https%3A%2F%2Fwww.googleapis.com%2Fauth%2Fcloudplatformprojects.readonly%20https%3A%2F%2Fwww.googleapis.com%2Fauth%2Ffirebase%20https%3A%2F%2Fwww.googleapis.com%2Fauth%2Fcloud-platform&response_type=code&state=120714984&redirect_uri=http%3A%2F%2Flocalhost%3A9005
[info] 
[info] Waiting for authentication...
[debug] [2018-09-11T02:18:42.416Z] Unable to open URL: Error: Exited with code 3
    at ChildProcess.cp.once.code (/home/ec2-user/.nvm/versions/node/v8.11.3/lib/node_modules/firebase-tools/node_modules/opn/index.js:84:13)
    at Object.onceWrapper (events.js:317:30)
    at emitTwo (events.js:126:13)
    at ChildProcess.emit (events.js:214:7)
    at maybeClose (internal/child_process.js:925:16)
    at Socket.stream.socket.on (internal/child_process.js:346:11)
    at emitOne (events.js:116:13)
    at Socket.emit (events.js:211:7)
    at Pipe._handle.close [as _onclose] (net.js:557:12)
